2025/12/15 19:40:34 [notice] 1#1: using the "epoll" event method
2025/12/15 19:40:34 [notice] 1#1: nginx/1.29.4
2025/12/15 19:40:34 [notice] 1#1: built by gcc 15.2.0 (Alpine 15.2.0) 
2025/12/15 19:40:34 [notice] 1#1: OS: Linux 6.8.0-88-generic
2025/12/15 19:40:34 [notice] 1#1: getrlimit(RLIMIT_NOFILE): 1024:524288
2025/12/15 19:40:34 [notice] 1#1: start worker processes
2025/12/15 19:40:34 [notice] 1#1: start worker process 29
2025/12/15 19:40:34 [notice] 1#1: start worker process 30
2025/12/15 19:40:34 [notice] 1#1: start worker process 31
2025/12/15 19:40:34 [notice] 1#1: start worker process 32
2025/12/15 19:40:34 [notice] 1#1: start worker process 33
2025/12/15 19:40:34 [notice] 1#1: start worker process 34
2025/12/15 19:40:34 [notice] 1#1: start worker process 35
2025/12/15 19:40:34 [notice] 1#1: start worker process 36
2025/12/15 19:40:34 [notice] 1#1: start worker process 37
2025/12/15 19:40:34 [notice] 1#1: start worker process 38
2025/12/15 19:40:34 [notice] 1#1: start worker process 39
2025/12/15 19:40:34 [notice] 1#1: start worker process 40
2025/12/15 19:40:40 [error] 30#30: *1 connect() failed (111: Connection refused) while connecting to upstream, client: 10.200.6.1, server: localhost, request: "GET /api/health HTTP/1.1", upstream: "http://10.200.6.3:8080/api/health", host: "localhost:8082", referrer: "http://localhost:8082/"
2025/12/15 19:40:40 [error] 30#30: *1 connect() failed (111: Connection refused) while connecting to upstream, client: 10.200.6.1, server: localhost, request: "GET /api/products?page=0&size=8&sort=createdAt&direction=desc HTTP/1.1", upstream: "http://10.200.6.3:8080/api/products?page=0&size=8&sort=createdAt&direction=desc", host: "localhost:8082", referrer: "http://localhost:8082/"
2025/12/15 20:04:16 [notice] 1#1: signal 3 (SIGQUIT) received, shutting down
2025/12/15 20:04:16 [notice] 29#29: gracefully shutting down
2025/12/15 20:04:16 [notice] 30#30: gracefully shutting down
2025/12/15 20:04:16 [notice] 31#31: gracefully shutting down
2025/12/15 20:04:16 [notice] 32#32: gracefully shutting down
2025/12/15 20:04:16 [notice] 35#35: gracefully shutting down
2025/12/15 20:04:16 [notice] 36#36: gracefully shutting down
2025/12/15 20:04:16 [notice] 29#29: exiting
2025/12/15 20:04:16 [notice] 33#33: gracefully shutting down
2025/12/15 20:04:16 [notice] 30#30: exiting
2025/12/15 20:04:16 [notice] 31#31: exiting
2025/12/15 20:04:16 [notice] 32#32: exiting
2025/12/15 20:04:16 [notice] 35#35: exiting
2025/12/15 20:04:16 [notice] 36#36: exiting
2025/12/15 20:04:16 [notice] 33#33: exiting
2025/12/15 20:04:16 [notice] 37#37: gracefully shutting down
2025/12/15 20:04:16 [notice] 37#37: exiting
2025/12/15 20:04:16 [notice] 39#39: gracefully shutting down
2025/12/15 20:04:16 [notice] 34#34: gracefully shutting down
2025/12/15 20:04:16 [notice] 39#39: exiting
2025/12/15 20:04:16 [notice] 34#34: exiting
2025/12/15 20:04:16 [notice] 38#38: gracefully shutting down
2025/12/15 20:04:16 [notice] 40#40: gracefully shutting down
2025/12/15 20:04:16 [notice] 38#38: exiting
2025/12/15 20:04:16 [notice] 40#40: exiting
2025/12/15 20:04:16 [notice] 1#1: signal 17 (SIGCHLD) received from 37
2025/12/15 20:04:16 [notice] 1#1: worker process 37 exited with code 0
2025/12/15 20:04:16 [notice] 1#1: signal 29 (SIGIO) received
2025/12/15 20:04:16 [notice] 1#1: signal 17 (SIGCHLD) received from 30
2025/12/15 20:04:16 [notice] 1#1: worker process 30 exited with code 0
2025/12/15 20:04:16 [notice] 1#1: worker process 32 exited with code 0
2025/12/15 20:04:16 [notice] 1#1: signal 29 (SIGIO) received
2025/12/15 20:04:16 [notice] 1#1: signal 17 (SIGCHLD) received from 35
2025/12/15 20:04:16 [notice] 1#1: worker process 35 exited with code 0
2025/12/15 20:04:16 [notice] 1#1: signal 29 (SIGIO) received
2025/12/15 20:04:16 [notice] 1#1: signal 17 (SIGCHLD) received from 34
2025/12/15 20:04:16 [notice] 1#1: worker process 34 exited with code 0
2025/12/15 20:04:16 [notice] 1#1: signal 29 (SIGIO) received
2025/12/15 20:04:16 [notice] 1#1: signal 17 (SIGCHLD) received from 38
2025/12/15 20:04:16 [notice] 1#1: worker process 31 exited with code 0
2025/12/15 20:04:16 [notice] 1#1: worker process 38 exited with code 0
2025/12/15 20:04:16 [notice] 1#1: worker process 39 exited with code 0
2025/12/15 20:04:16 [notice] 1#1: signal 29 (SIGIO) received
2025/12/15 20:04:16 [notice] 1#1: signal 17 (SIGCHLD) received from 33
2025/12/15 20:04:16 [notice] 1#1: worker process 33 exited with code 0
2025/12/15 20:04:16 [notice] 1#1: signal 29 (SIGIO) received
2025/12/15 20:04:16 [notice] 1#1: signal 17 (SIGCHLD) received from 36
2025/12/15 20:04:16 [notice] 1#1: worker process 36 exited with code 0
2025/12/15 20:04:16 [notice] 1#1: signal 29 (SIGIO) received
2025/12/15 20:04:16 [notice] 1#1: signal 17 (SIGCHLD) received from 29
2025/12/15 20:04:16 [notice] 1#1: worker process 29 exited with code 0
2025/12/15 20:04:16 [notice] 1#1: signal 29 (SIGIO) received
2025/12/15 20:04:16 [notice] 1#1: signal 17 (SIGCHLD) received from 40
2025/12/15 20:04:16 [notice] 1#1: worker process 40 exited with code 0
2025/12/15 20:04:16 [notice] 1#1: exit
2025/12/15 20:15:45 [notice] 1#1: using the "epoll" event method
2025/12/15 20:15:45 [notice] 1#1: nginx/1.29.4
2025/12/15 20:15:45 [notice] 1#1: built by gcc 15.2.0 (Alpine 15.2.0) 
2025/12/15 20:15:45 [notice] 1#1: OS: Linux 6.8.0-88-generic
2025/12/15 20:15:45 [notice] 1#1: getrlimit(RLIMIT_NOFILE): 1024:524288
2025/12/15 20:15:45 [notice] 1#1: start worker processes
2025/12/15 20:15:45 [notice] 1#1: start worker process 29
2025/12/15 20:15:45 [notice] 1#1: start worker process 30
2025/12/15 20:15:45 [notice] 1#1: start worker process 31
2025/12/15 20:15:45 [notice] 1#1: start worker process 32
2025/12/15 20:15:45 [notice] 1#1: start worker process 33
2025/12/15 20:15:45 [notice] 1#1: start worker process 34
2025/12/15 20:15:45 [notice] 1#1: start worker process 35
2025/12/15 20:15:45 [notice] 1#1: start worker process 36
2025/12/15 20:15:45 [notice] 1#1: start worker process 37
2025/12/15 20:15:45 [notice] 1#1: start worker process 38
2025/12/15 20:15:45 [notice] 1#1: start worker process 39
2025/12/15 20:15:45 [notice] 1#1: start worker process 40
2025/12/15 20:16:58 [error] 29#29: *1 upstream timed out (110: Operation timed out) while reading response header from upstream, client: 10.200.6.1, server: localhost, request: "POST /api/user/orders HTTP/1.1", upstream: "http://10.200.6.3:8080/api/user/orders", host: "localhost:8082", referrer: "http://localhost:8082/checkout"
2025/12/15 20:19:33 [error] 30#30: *9 upstream timed out (110: Operation timed out) while reading response header from upstream, client: 10.200.6.1, server: localhost, request: "POST /api/user/orders HTTP/1.1", upstream: "http://10.200.6.3:8080/api/user/orders", host: "localhost:8082", referrer: "http://localhost:8082/checkout"
2025/12/15 20:50:29 [notice] 1#1: signal 3 (SIGQUIT) received, shutting down
2025/12/15 20:50:29 [notice] 29#29: gracefully shutting down
2025/12/15 20:50:29 [notice] 30#30: gracefully shutting down
2025/12/15 20:50:29 [notice] 31#31: gracefully shutting down
2025/12/15 20:50:29 [notice] 32#32: gracefully shutting down
2025/12/15 20:50:29 [notice] 34#34: gracefully shutting down
2025/12/15 20:50:29 [notice] 29#29: exiting
2025/12/15 20:50:29 [notice] 30#30: exiting
2025/12/15 20:50:29 [notice] 39#39: gracefully shutting down
2025/12/15 20:50:29 [notice] 31#31: exiting
2025/12/15 20:50:29 [notice] 32#32: exiting
2025/12/15 20:50:29 [notice] 34#34: exiting
2025/12/15 20:50:29 [notice] 36#36: gracefully shutting down
2025/12/15 20:50:29 [notice] 39#39: exiting
2025/12/15 20:50:29 [notice] 36#36: exiting
2025/12/15 20:50:29 [notice] 38#38: gracefully shutting down
2025/12/15 20:50:29 [notice] 38#38: exiting
2025/12/15 20:50:29 [notice] 33#33: gracefully shutting down
2025/12/15 20:50:29 [notice] 33#33: exiting
2025/12/15 20:50:29 [notice] 35#35: gracefully shutting down
2025/12/15 20:50:29 [notice] 35#35: exiting
2025/12/15 20:50:29 [notice] 40#40: gracefully shutting down
2025/12/15 20:50:29 [notice] 40#40: exiting
2025/12/15 20:50:29 [notice] 37#37: gracefully shutting down
2025/12/15 20:50:29 [notice] 37#37: exiting
2025/12/15 20:50:29 [notice] 1#1: signal 17 (SIGCHLD) received from 40
2025/12/15 20:50:29 [notice] 1#1: worker process 29 exited with code 0
2025/12/15 20:50:29 [notice] 1#1: worker process 30 exited with code 0
2025/12/15 20:50:29 [notice] 1#1: worker process 33 exited with code 0
2025/12/15 20:50:29 [notice] 1#1: worker process 38 exited with code 0
2025/12/15 20:50:29 [notice] 1#1: worker process 40 exited with code 0
2025/12/15 20:50:29 [notice] 1#1: signal 29 (SIGIO) received
2025/12/15 20:50:29 [notice] 1#1: signal 17 (SIGCHLD) received from 30
2025/12/15 20:50:29 [notice] 1#1: signal 17 (SIGCHLD) received from 36
2025/12/15 20:50:29 [notice] 1#1: worker process 31 exited with code 0
2025/12/15 20:50:29 [notice] 1#1: worker process 36 exited with code 0
2025/12/15 20:50:29 [notice] 1#1: signal 29 (SIGIO) received
2025/12/15 20:50:29 [notice] 1#1: signal 17 (SIGCHLD) received from 31
2025/12/15 20:50:29 [notice] 1#1: signal 17 (SIGCHLD) received from 35
2025/12/15 20:50:29 [notice] 1#1: worker process 35 exited with code 0
2025/12/15 20:50:29 [notice] 1#1: signal 29 (SIGIO) received
2025/12/15 20:50:29 [notice] 1#1: signal 17 (SIGCHLD) received from 39
2025/12/15 20:50:29 [notice] 1#1: worker process 32 exited with code 0
2025/12/15 20:50:29 [notice] 1#1: worker process 37 exited with code 0
2025/12/15 20:50:29 [notice] 1#1: worker process 39 exited with code 0
2025/12/15 20:50:29 [notice] 1#1: signal 29 (SIGIO) received
2025/12/15 20:50:29 [notice] 1#1: signal 17 (SIGCHLD) received from 34
2025/12/15 20:50:29 [notice] 1#1: worker process 34 exited with code 0
2025/12/15 20:50:29 [notice] 1#1: exit
2025/12/15 20:50:30 [notice] 1#1: using the "epoll" event method
2025/12/15 20:50:30 [notice] 1#1: nginx/1.29.4
2025/12/15 20:50:30 [notice] 1#1: built by gcc 15.2.0 (Alpine 15.2.0) 
2025/12/15 20:50:30 [notice] 1#1: OS: Linux 6.8.0-88-generic
2025/12/15 20:50:30 [notice] 1#1: getrlimit(RLIMIT_NOFILE): 1024:524288
2025/12/15 20:50:30 [notice] 1#1: start worker processes
2025/12/15 20:50:30 [notice] 1#1: start worker process 29
2025/12/15 20:50:30 [notice] 1#1: start worker process 30
2025/12/15 20:50:30 [notice] 1#1: start worker process 31
2025/12/15 20:50:30 [notice] 1#1: start worker process 32
2025/12/15 20:50:30 [notice] 1#1: start worker process 33
2025/12/15 20:50:30 [notice] 1#1: start worker process 34
2025/12/15 20:50:30 [notice] 1#1: start worker process 35
2025/12/15 20:50:30 [notice] 1#1: start worker process 36
2025/12/15 20:50:30 [notice] 1#1: start worker process 37
2025/12/15 20:50:30 [notice] 1#1: start worker process 38
2025/12/15 20:50:30 [notice] 1#1: start worker process 39
2025/12/15 20:50:30 [notice] 1#1: start worker process 40
2025/12/15 21:13:24 [notice] 1#1: signal 3 (SIGQUIT) received, shutting down
2025/12/15 21:13:24 [notice] 29#29: gracefully shutting down
2025/12/15 21:13:24 [notice] 30#30: gracefully shutting down
2025/12/15 21:13:24 [notice] 33#33: gracefully shutting down
2025/12/15 21:13:24 [notice] 32#32: gracefully shutting down
2025/12/15 21:13:24 [notice] 31#31: gracefully shutting down
2025/12/15 21:13:24 [notice] 35#35: gracefully shutting down
2025/12/15 21:13:24 [notice] 37#37: gracefully shutting down
2025/12/15 21:13:24 [notice] 36#36: gracefully shutting down
2025/12/15 21:13:24 [notice] 34#34: gracefully shutting down
2025/12/15 21:13:24 [notice] 29#29: exiting
2025/12/15 21:13:24 [notice] 30#30: exiting
2025/12/15 21:13:24 [notice] 33#33: exiting
2025/12/15 21:13:24 [notice] 32#32: exiting
2025/12/15 21:13:24 [notice] 31#31: exiting
2025/12/15 21:13:24 [notice] 39#39: gracefully shutting down
2025/12/15 21:13:24 [notice] 35#35: exiting
2025/12/15 21:13:24 [notice] 37#37: exiting
2025/12/15 21:13:24 [notice] 36#36: exiting
2025/12/15 21:13:24 [notice] 34#34: exiting
2025/12/15 21:13:24 [notice] 39#39: exiting
2025/12/15 21:13:24 [notice] 40#40: gracefully shutting down
2025/12/15 21:13:24 [notice] 38#38: gracefully shutting down
2025/12/15 21:13:24 [notice] 40#40: exiting
2025/12/15 21:13:24 [notice] 38#38: exiting
2025/12/15 21:13:24 [notice] 1#1: signal 17 (SIGCHLD) received from 37
2025/12/15 21:13:24 [notice] 1#1: worker process 37 exited with code 0
2025/12/15 21:13:24 [notice] 1#1: worker process 38 exited with code 0
2025/12/15 21:13:24 [notice] 1#1: signal 29 (SIGIO) received
2025/12/15 21:13:24 [notice] 1#1: signal 17 (SIGCHLD) received from 39
2025/12/15 21:13:24 [notice] 1#1: worker process 39 exited with code 0
2025/12/15 21:13:24 [notice] 1#1: signal 29 (SIGIO) received
2025/12/15 21:13:24 [notice] 1#1: signal 17 (SIGCHLD) received from 40
2025/12/15 21:13:24 [notice] 1#1: worker process 34 exited with code 0
2025/12/15 21:13:24 [notice] 1#1: worker process 40 exited with code 0
2025/12/15 21:13:24 [notice] 1#1: signal 29 (SIGIO) received
2025/12/15 21:13:24 [notice] 1#1: signal 17 (SIGCHLD) received from 34
2025/12/15 21:13:24 [notice] 1#1: worker process 32 exited with code 0
2025/12/15 21:13:24 [notice] 1#1: worker process 36 exited with code 0
2025/12/15 21:13:24 [notice] 1#1: signal 29 (SIGIO) received
2025/12/15 21:13:24 [notice] 1#1: signal 17 (SIGCHLD) received from 32
2025/12/15 21:13:24 [notice] 1#1: signal 17 (SIGCHLD) received from 35
2025/12/15 21:13:24 [notice] 1#1: worker process 33 exited with code 0
2025/12/15 21:13:24 [notice] 1#1: worker process 31 exited with code 0
2025/12/15 21:13:24 [notice] 1#1: worker process 35 exited with code 0
2025/12/15 21:13:24 [notice] 1#1: signal 29 (SIGIO) received
2025/12/15 21:13:24 [notice] 1#1: signal 17 (SIGCHLD) received from 33
2025/12/15 21:13:24 [notice] 1#1: signal 17 (SIGCHLD) received from 29
2025/12/15 21:13:24 [notice] 1#1: worker process 29 exited with code 0
2025/12/15 21:13:24 [notice] 1#1: signal 29 (SIGIO) received
2025/12/15 21:13:24 [notice] 1#1: signal 17 (SIGCHLD) received from 30
2025/12/15 21:13:24 [notice] 1#1: worker process 30 exited with code 0
2025/12/15 21:13:24 [notice] 1#1: exit
2025/12/15 21:17:45 [notice] 1#1: using the "epoll" event method
2025/12/15 21:17:45 [notice] 1#1: nginx/1.29.4
2025/12/15 21:17:45 [notice] 1#1: built by gcc 15.2.0 (Alpine 15.2.0) 
2025/12/15 21:17:45 [notice] 1#1: OS: Linux 6.8.0-88-generic
2025/12/15 21:17:45 [notice] 1#1: getrlimit(RLIMIT_NOFILE): 1024:524288
2025/12/15 21:17:45 [notice] 1#1: start worker processes
2025/12/15 21:17:45 [notice] 1#1: start worker process 29
2025/12/15 21:17:45 [notice] 1#1: start worker process 30
2025/12/15 21:17:45 [notice] 1#1: start worker process 31
2025/12/15 21:17:45 [notice] 1#1: start worker process 32
2025/12/15 21:17:45 [notice] 1#1: start worker process 33
2025/12/15 21:17:45 [notice] 1#1: start worker process 34
2025/12/15 21:17:45 [notice] 1#1: start worker process 35
2025/12/15 21:17:45 [notice] 1#1: start worker process 36
2025/12/15 21:17:45 [notice] 1#1: start worker process 37
2025/12/15 21:17:45 [notice] 1#1: start worker process 38
2025/12/15 21:17:45 [notice] 1#1: start worker process 39
2025/12/15 21:17:45 [notice] 1#1: start worker process 40
2025/12/15 21:23:20 [error] 29#29: *1 connect() failed (113: Host is unreachable) while connecting to upstream, client: 10.200.6.1, server: localhost, request: "GET /api/products?page=0&size=8&sort=createdAt&direction=desc HTTP/1.1", upstream: "http://10.200.6.3:8080/api/products?page=0&size=8&sort=createdAt&direction=desc", host: "localhost:8082", referrer: "http://localhost:8082/"
2025/12/15 21:23:28 [error] 29#29: *1 connect() failed (113: Host is unreachable) while connecting to upstream, client: 10.200.6.1, server: localhost, request: "GET /api/categories HTTP/1.1", upstream: "http://10.200.6.3:8080/api/categories", host: "localhost:8082", referrer: "http://localhost:8082/products"
2025/12/15 21:23:28 [error] 30#30: *4 connect() failed (113: Host is unreachable) while connecting to upstream, client: 10.200.6.1, server: localhost, request: "GET /api/products?page=0&size=12&sort=name&direction=asc HTTP/1.1", upstream: "http://10.200.6.3:8080/api/products?page=0&size=12&sort=name&direction=asc", host: "localhost:8082", referrer: "http://localhost:8082/products"
2025/12/15 21:23:34 [error] 29#29: *1 connect() failed (113: Host is unreachable) while connecting to upstream, client: 10.200.6.1, server: localhost, request: "GET /api/health HTTP/1.1", upstream: "http://10.200.6.3:8080/api/health", host: "localhost:8082", referrer: "http://localhost:8082/"
2025/12/15 21:23:34 [error] 30#30: *4 connect() failed (113: Host is unreachable) while connecting to upstream, client: 10.200.6.1, server: localhost, request: "GET /api/products?page=0&size=8&sort=createdAt&direction=desc HTTP/1.1", upstream: "http://10.200.6.3:8080/api/products?page=0&size=8&sort=createdAt&direction=desc", host: "localhost:8082", referrer: "http://localhost:8082/"
2025/12/15 21:23:44 [error] 30#30: *4 connect() failed (111: Connection refused) while connecting to upstream, client: 10.200.6.1, server: localhost, request: "GET /api/products?page=0&size=8&sort=createdAt&direction=desc HTTP/1.1", upstream: "http://10.200.6.3:8080/api/products?page=0&size=8&sort=createdAt&direction=desc", host: "localhost:8082", referrer: "http://localhost:8082/"
2025/12/15 21:23:44 [error] 29#29: *1 connect() failed (111: Connection refused) while connecting to upstream, client: 10.200.6.1, server: localhost, request: "GET /api/health HTTP/1.1", upstream: "http://10.200.6.3:8080/api/health", host: "localhost:8082", referrer: "http://localhost:8082/"
2025/12/15 21:23:45 [error] 31#31: *10 connect() failed (111: Connection refused) while connecting to upstream, client: 10.200.6.1, server: localhost, request: "GET /api/categories HTTP/1.1", upstream: "http://10.200.6.3:8080/api/categories", host: "localhost:8082", referrer: "http://localhost:8082/products"
2025/12/15 21:23:45 [error] 32#32: *11 connect() failed (111: Connection refused) while connecting to upstream, client: 10.200.6.1, server: localhost, request: "GET /api/products?page=0&size=12&sort=name&direction=asc HTTP/1.1", upstream: "http://10.200.6.3:8080/api/products?page=0&size=12&sort=name&direction=asc", host: "localhost:8082", referrer: "http://localhost:8082/products"
2025/12/15 21:23:48 [error] 32#32: *11 connect() failed (111: Connection refused) while connecting to upstream, client: 10.200.6.1, server: localhost, request: "POST /api/auth/login HTTP/1.1", upstream: "http://10.200.6.3:8080/api/auth/login", host: "localhost:8082", referrer: "http://localhost:8082/login"
2025/12/15 21:23:50 [error] 32#32: *11 connect() failed (111: Connection refused) while connecting to upstream, client: 10.200.6.1, server: localhost, request: "POST /api/auth/login HTTP/1.1", upstream: "http://10.200.6.3:8080/api/auth/login", host: "localhost:8082", referrer: "http://localhost:8082/login"
2025/12/15 21:24:26 [error] 35#35: *20 connect() failed (113: Host is unreachable) while connecting to upstream, client: 10.200.6.1, server: localhost, request: "GET /api/products?page=0&size=8&sort=createdAt&direction=desc HTTP/1.1", upstream: "http://10.200.6.3:8080/api/products?page=0&size=8&sort=createdAt&direction=desc", host: "localhost:8082", referrer: "http://localhost:8082/"
2025/12/15 21:24:26 [error] 36#36: *23 connect() failed (113: Host is unreachable) while connecting to upstream, client: 10.200.6.1, server: localhost, request: "GET /api/products?page=0&size=12&sort=name&direction=asc HTTP/1.1", upstream: "http://10.200.6.3:8080/api/products?page=0&size=12&sort=name&direction=asc", host: "localhost:8082", referrer: "http://localhost:8082/products"
2025/12/15 21:24:26 [error] 34#34: *18 connect() failed (113: Host is unreachable) while connecting to upstream, client: 10.200.6.1, server: localhost, request: "GET /api/health HTTP/1.1", upstream: "http://10.200.6.3:8080/api/health", host: "localhost:8082", referrer: "http://localhost:8082/"
2025/12/15 21:24:26 [error] 36#36: *22 connect() failed (113: Host is unreachable) while connecting to upstream, client: 10.200.6.1, server: localhost, request: "GET /api/categories HTTP/1.1", upstream: "http://10.200.6.3:8080/api/categories", host: "localhost:8082", referrer: "http://localhost:8082/products"
2025/12/15 21:24:29 [error] 37#37: *26 connect() failed (113: Host is unreachable) while connecting to upstream, client: 10.200.6.1, server: localhost, request: "GET /api/products?page=0&size=8&sort=createdAt&direction=desc HTTP/1.1", upstream: "http://10.200.6.3:8080/api/products?page=0&size=8&sort=createdAt&direction=desc", host: "localhost:8082", referrer: "http://localhost:8082/"
2025/12/15 21:24:29 [error] 36#36: *22 connect() failed (113: Host is unreachable) while connecting to upstream, client: 10.200.6.1, server: localhost, request: "GET /api/health HTTP/1.1", upstream: "http://10.200.6.3:8080/api/health", host: "localhost:8082", referrer: "http://localhost:8082/"
2025/12/15 21:24:35 [error] 37#37: *26 connect() failed (113: Host is unreachable) while connecting to upstream, client: 10.200.6.1, server: localhost, request: "GET /api/categories HTTP/1.1", upstream: "http://10.200.6.3:8080/api/categories", host: "localhost:8082", referrer: "http://localhost:8082/products"
2025/12/15 21:24:35 [error] 36#36: *22 connect() failed (113: Host is unreachable) while connecting to upstream, client: 10.200.6.1, server: localhost, request: "GET /api/products?page=0&size=12&sort=name&direction=asc HTTP/1.1", upstream: "http://10.200.6.3:8080/api/products?page=0&size=12&sort=name&direction=asc", host: "localhost:8082", referrer: "http://localhost:8082/products"
2025/12/15 21:25:17 [error] 38#38: *31 connect() failed (113: Host is unreachable) while connecting to upstream, client: 10.200.6.1, server: localhost, request: "POST /api/auth/login HTTP/1.1", upstream: "http://10.200.6.3:8080/api/auth/login", host: "localhost:8082", referrer: "http://localhost:8082/login"
2025/12/15 21:25:50 [error] 38#38: *31 connect() failed (113: Host is unreachable) while connecting to upstream, client: 10.200.6.1, server: localhost, request: "GET /api/products?page=0&size=8&sort=createdAt&direction=desc HTTP/1.1", upstream: "http://10.200.6.3:8080/api/products?page=0&size=8&sort=createdAt&direction=desc", host: "localhost:8082", referrer: "http://localhost:8082/"
2025/12/15 21:25:55 [error] 38#38: *31 connect() failed (113: Host is unreachable) while connecting to upstream, client: 10.200.6.1, server: localhost, request: "GET /api/categories HTTP/1.1", upstream: "http://10.200.6.3:8080/api/categories", host: "localhost:8082", referrer: "http://localhost:8082/products"
2025/12/15 21:25:55 [error] 39#39: *35 connect() failed (113: Host is unreachable) while connecting to upstream, client: 10.200.6.1, server: localhost, request: "GET /api/products?page=0&size=12&sort=name&direction=asc HTTP/1.1", upstream: "http://10.200.6.3:8080/api/products?page=0&size=12&sort=name&direction=asc", host: "localhost:8082", referrer: "http://localhost:8082/products"
2025/12/15 21:26:31 [error] 40#40: *38 connect() failed (113: Host is unreachable) while connecting to upstream, client: 10.200.6.1, server: localhost, request: "GET /api/products?page=0&size=8&sort=createdAt&direction=desc HTTP/1.1", upstream: "http://10.200.6.3:8080/api/products?page=0&size=8&sort=createdAt&direction=desc", host: "localhost:8082", referrer: "http://localhost:8082/"
2025/12/15 21:26:31 [error] 29#29: *37 connect() failed (113: Host is unreachable) while connecting to upstream, client: 10.200.6.1, server: localhost, request: "GET /api/health HTTP/1.1", upstream: "http://10.200.6.3:8080/api/health", host: "localhost:8082", referrer: "http://localhost:8082/"
2025/12/15 21:26:37 [error] 40#40: *38 connect() failed (113: Host is unreachable) while connecting to upstream, client: 10.200.6.1, server: localhost, request: "GET /api/products?page=0&size=12&sort=name&direction=asc HTTP/1.1", upstream: "http://10.200.6.3:8080/api/products?page=0&size=12&sort=name&direction=asc", host: "localhost:8082", referrer: "http://localhost:8082/products"
2025/12/15 21:26:37 [error] 29#29: *37 connect() failed (113: Host is unreachable) while connecting to upstream, client: 10.200.6.1, server: localhost, request: "GET /api/categories HTTP/1.1", upstream: "http://10.200.6.3:8080/api/categories", host: "localhost:8082", referrer: "http://localhost:8082/products"
2025/12/15 21:27:16 [notice] 1#1: signal 3 (SIGQUIT) received, shutting down
2025/12/15 21:27:16 [notice] 29#29: gracefully shutting down
2025/12/15 21:27:16 [notice] 37#37: gracefully shutting down
2025/12/15 21:27:16 [notice] 35#35: gracefully shutting down
2025/12/15 21:27:16 [notice] 38#38: gracefully shutting down
2025/12/15 21:27:16 [notice] 39#39: gracefully shutting down
2025/12/15 21:27:16 [notice] 40#40: gracefully shutting down
2025/12/15 21:27:16 [notice] 30#30: gracefully shutting down
2025/12/15 21:27:16 [notice] 29#29: exiting
2025/12/15 21:27:16 [notice] 37#37: exiting
2025/12/15 21:27:16 [notice] 38#38: exiting
2025/12/15 21:27:16 [notice] 39#39: exiting
2025/12/15 21:27:16 [notice] 35#35: exiting
2025/12/15 21:27:16 [notice] 40#40: exiting
2025/12/15 21:27:16 [notice] 30#30: exiting
2025/12/15 21:27:16 [notice] 32#32: gracefully shutting down
2025/12/15 21:27:16 [notice] 31#31: gracefully shutting down
2025/12/15 21:27:16 [notice] 31#31: exiting
2025/12/15 21:27:16 [notice] 33#33: gracefully shutting down
2025/12/15 21:27:16 [notice] 33#33: exiting
2025/12/15 21:27:16 [notice] 34#34: gracefully shutting down
2025/12/15 21:27:16 [notice] 36#36: gracefully shutting down
2025/12/15 21:27:16 [notice] 34#34: exiting
2025/12/15 21:27:16 [notice] 36#36: exiting
2025/12/15 21:27:16 [notice] 32#32: exiting
2025/12/15 21:27:16 [notice] 1#1: signal 17 (SIGCHLD) received from 33
2025/12/15 21:27:16 [notice] 1#1: worker process 33 exited with code 0
2025/12/15 21:27:16 [notice] 1#1: signal 29 (SIGIO) received
2025/12/15 21:27:16 [notice] 1#1: signal 17 (SIGCHLD) received from 35
2025/12/15 21:27:16 [notice] 1#1: worker process 35 exited with code 0
2025/12/15 21:27:16 [notice] 1#1: worker process 40 exited with code 0
2025/12/15 21:27:16 [notice] 1#1: signal 29 (SIGIO) received
2025/12/15 21:27:16 [notice] 1#1: signal 17 (SIGCHLD) received from 29
2025/12/15 21:27:16 [notice] 1#1: worker process 29 exited with code 0
2025/12/15 21:27:16 [notice] 1#1: signal 29 (SIGIO) received
2025/12/15 21:27:16 [notice] 1#1: signal 17 (SIGCHLD) received from 31
2025/12/15 21:27:16 [notice] 1#1: worker process 31 exited with code 0
2025/12/15 21:27:16 [notice] 1#1: worker process 32 exited with code 0
2025/12/15 21:27:16 [notice] 1#1: worker process 37 exited with code 0
2025/12/15 21:27:16 [notice] 1#1: worker process 39 exited with code 0
2025/12/15 21:27:16 [notice] 1#1: signal 29 (SIGIO) received
2025/12/15 21:27:16 [notice] 1#1: signal 17 (SIGCHLD) received from 32
2025/12/15 21:27:16 [notice] 1#1: signal 17 (SIGCHLD) received from 30
2025/12/15 21:27:16 [notice] 1#1: worker process 30 exited with code 0
2025/12/15 21:27:16 [notice] 1#1: worker process 34 exited with code 0
2025/12/15 21:27:16 [notice] 1#1: signal 29 (SIGIO) received
2025/12/15 21:27:16 [notice] 1#1: signal 17 (SIGCHLD) received from 36
2025/12/15 21:27:16 [notice] 1#1: worker process 36 exited with code 0
2025/12/15 21:27:16 [notice] 1#1: signal 29 (SIGIO) received
2025/12/15 21:27:16 [notice] 1#1: signal 17 (SIGCHLD) received from 38
2025/12/15 21:27:16 [notice] 1#1: worker process 38 exited with code 0
2025/12/15 21:27:16 [notice] 1#1: exit
2025/12/15 21:27:36 [notice] 1#1: using the "epoll" event method
2025/12/15 21:27:36 [notice] 1#1: nginx/1.29.4
2025/12/15 21:27:36 [notice] 1#1: built by gcc 15.2.0 (Alpine 15.2.0) 
2025/12/15 21:27:36 [notice] 1#1: OS: Linux 6.8.0-88-generic
2025/12/15 21:27:36 [notice] 1#1: getrlimit(RLIMIT_NOFILE): 1024:524288
2025/12/15 21:27:36 [notice] 1#1: start worker processes
2025/12/15 21:27:36 [notice] 1#1: start worker process 29
2025/12/15 21:27:36 [notice] 1#1: start worker process 30
2025/12/15 21:27:36 [notice] 1#1: start worker process 31
2025/12/15 21:27:36 [notice] 1#1: start worker process 32
2025/12/15 21:27:36 [notice] 1#1: start worker process 33
2025/12/15 21:27:36 [notice] 1#1: start worker process 34
2025/12/15 21:27:36 [notice] 1#1: start worker process 35
2025/12/15 21:27:36 [notice] 1#1: start worker process 36
2025/12/15 21:27:36 [notice] 1#1: start worker process 37
2025/12/15 21:27:36 [notice] 1#1: start worker process 38
2025/12/15 21:27:36 [notice] 1#1: start worker process 39
2025/12/15 21:27:36 [notice] 1#1: start worker process 40
2025/12/15 21:27:42 [error] 32#32: *1 connect() failed (111: Connection refused) while connecting to upstream, client: 10.200.6.1, server: localhost, request: "GET /api/health HTTP/1.1", upstream: "http://10.200.6.3:8080/api/health", host: "localhost:8082", referrer: "http://localhost:8082/products"
2025/12/15 21:27:42 [error] 32#32: *1 connect() failed (111: Connection refused) while connecting to upstream, client: 10.200.6.1, server: localhost, request: "GET /api/categories HTTP/1.1", upstream: "http://10.200.6.3:8080/api/categories", host: "localhost:8082", referrer: "http://localhost:8082/products"
2025/12/15 21:27:42 [error] 30#30: *2 connect() failed (111: Connection refused) while connecting to upstream, client: 10.200.6.1, server: localhost, request: "GET /api/products?page=0&size=12&sort=name&direction=asc HTTP/1.1", upstream: "http://10.200.6.3:8080/api/products?page=0&size=12&sort=name&direction=asc", host: "localhost:8082", referrer: "http://localhost:8082/products"
2025/12/15 21:27:44 [error] 31#31: *6 connect() failed (111: Connection refused) while connecting to upstream, client: 10.200.6.1, server: localhost, request: "GET /api/products?page=0&size=8&sort=createdAt&direction=desc HTTP/1.1", upstream: "http://10.200.6.3:8080/api/products?page=0&size=8&sort=createdAt&direction=desc", host: "localhost:8082", referrer: "http://localhost:8082/"
2025/12/15 21:31:19 [error] 33#33: *8 connect() failed (111: Connection refused) while connecting to upstream, client: 10.200.6.1, server: localhost, request: "GET /api/health HTTP/1.1", upstream: "http://10.200.6.3:8080/api/health", host: "localhost:8082", referrer: "http://localhost:8082/"
2025/12/15 21:31:19 [error] 33#33: *8 connect() failed (111: Connection refused) while connecting to upstream, client: 10.200.6.1, server: localhost, request: "GET /api/products?page=0&size=8&sort=createdAt&direction=desc HTTP/1.1", upstream: "http://10.200.6.3:8080/api/products?page=0&size=8&sort=createdAt&direction=desc", host: "localhost:8082", referrer: "http://localhost:8082/"
2025/12/15 21:39:08 [error] 34#34: *13 connect() failed (111: Connection refused) while connecting to upstream, client: 10.200.6.1, server: localhost, request: "GET /api/health HTTP/1.1", upstream: "http://10.200.6.3:8080/api/health", host: "localhost:8082", referrer: "http://localhost:8082/"
2025/12/15 21:39:08 [error] 34#34: *13 connect() failed (111: Connection refused) while connecting to upstream, client: 10.200.6.1, server: localhost, request: "GET /api/products?page=0&size=8&sort=createdAt&direction=desc HTTP/1.1", upstream: "http://10.200.6.3:8080/api/products?page=0&size=8&sort=createdAt&direction=desc", host: "localhost:8082", referrer: "http://localhost:8082/"
2025/12/15 21:45:01 [notice] 1#1: signal 3 (SIGQUIT) received, shutting down
2025/12/15 21:45:01 [notice] 29#29: gracefully shutting down
2025/12/15 21:45:01 [notice] 30#30: gracefully shutting down
2025/12/15 21:45:01 [notice] 33#33: gracefully shutting down
2025/12/15 21:45:01 [notice] 31#31: gracefully shutting down
2025/12/15 21:45:01 [notice] 32#32: gracefully shutting down
2025/12/15 21:45:01 [notice] 34#34: gracefully shutting down
2025/12/15 21:45:01 [notice] 35#35: gracefully shutting down
2025/12/15 21:45:01 [notice] 36#36: gracefully shutting down
2025/12/15 21:45:01 [notice] 29#29: exiting
2025/12/15 21:45:01 [notice] 34#34: exiting
2025/12/15 21:45:01 [notice] 37#37: gracefully shutting down
2025/12/15 21:45:01 [notice] 30#30: exiting
2025/12/15 21:45:01 [notice] 33#33: exiting
2025/12/15 21:45:01 [notice] 31#31: exiting
2025/12/15 21:45:01 [notice] 32#32: exiting
2025/12/15 21:45:01 [notice] 37#37: exiting
2025/12/15 21:45:01 [notice] 36#36: exiting
2025/12/15 21:45:01 [notice] 35#35: exiting
2025/12/15 21:45:01 [notice] 38#38: gracefully shutting down
2025/12/15 21:45:01 [notice] 38#38: exiting
2025/12/15 21:45:01 [notice] 39#39: gracefully shutting down
2025/12/15 21:45:01 [notice] 39#39: exiting
2025/12/15 21:45:01 [notice] 40#40: gracefully shutting down
2025/12/15 21:45:01 [notice] 40#40: exiting
2025/12/15 21:45:01 [notice] 1#1: signal 17 (SIGCHLD) received from 36
2025/12/15 21:45:01 [notice] 1#1: worker process 36 exited with code 0
2025/12/15 21:45:01 [notice] 1#1: signal 29 (SIGIO) received
2025/12/15 21:45:01 [notice] 1#1: signal 17 (SIGCHLD) received from 30
2025/12/15 21:45:01 [notice] 1#1: worker process 30 exited with code 0
2025/12/15 21:45:01 [notice] 1#1: worker process 33 exited with code 0
2025/12/15 21:45:01 [notice] 1#1: worker process 38 exited with code 0
2025/12/15 21:45:01 [notice] 1#1: signal 29 (SIGIO) received
2025/12/15 21:45:01 [notice] 1#1: signal 17 (SIGCHLD) received from 29
2025/12/15 21:45:01 [notice] 1#1: worker process 29 exited with code 0
2025/12/15 21:45:01 [notice] 1#1: signal 29 (SIGIO) received
2025/12/15 21:45:01 [notice] 1#1: signal 17 (SIGCHLD) received from 39
2025/12/15 21:45:01 [notice] 1#1: worker process 39 exited with code 0
2025/12/15 21:45:01 [notice] 1#1: signal 29 (SIGIO) received
2025/12/15 21:45:01 [notice] 1#1: signal 17 (SIGCHLD) received from 40
2025/12/15 21:45:01 [notice] 1#1: worker process 37 exited with code 0
2025/12/15 21:45:01 [notice] 1#1: worker process 34 exited with code 0
2025/12/15 21:45:01 [notice] 1#1: worker process 40 exited with code 0
2025/12/15 21:45:01 [notice] 1#1: signal 29 (SIGIO) received
2025/12/15 21:45:01 [notice] 1#1: signal 17 (SIGCHLD) received from 37
2025/12/15 21:45:01 [notice] 1#1: signal 17 (SIGCHLD) received from 35
2025/12/15 21:45:01 [notice] 1#1: worker process 35 exited with code 0
2025/12/15 21:45:01 [notice] 1#1: signal 29 (SIGIO) received
2025/12/15 21:45:01 [notice] 1#1: signal 17 (SIGCHLD) received from 32
2025/12/15 21:45:01 [notice] 1#1: worker process 32 exited with code 0
2025/12/15 21:45:01 [notice] 1#1: signal 29 (SIGIO) received
2025/12/15 21:45:01 [notice] 1#1: signal 17 (SIGCHLD) received from 31
2025/12/15 21:45:01 [notice] 1#1: worker process 31 exited with code 0
2025/12/15 21:45:01 [notice] 1#1: exit
2025/12/15 21:58:31 [notice] 1#1: using the "epoll" event method
2025/12/15 21:58:31 [notice] 1#1: nginx/1.29.4
2025/12/15 21:58:31 [notice] 1#1: built by gcc 15.2.0 (Alpine 15.2.0) 
2025/12/15 21:58:31 [notice] 1#1: OS: Linux 6.8.0-88-generic
2025/12/15 21:58:31 [notice] 1#1: getrlimit(RLIMIT_NOFILE): 1024:524288
2025/12/15 21:58:31 [notice] 1#1: start worker processes
2025/12/15 21:58:31 [notice] 1#1: start worker process 29
2025/12/15 21:58:31 [notice] 1#1: start worker process 30
2025/12/15 21:58:31 [notice] 1#1: start worker process 31
2025/12/15 21:58:31 [notice] 1#1: start worker process 32
2025/12/15 21:58:31 [notice] 1#1: start worker process 33
2025/12/15 21:58:31 [notice] 1#1: start worker process 34
2025/12/15 21:58:31 [notice] 1#1: start worker process 35
2025/12/15 21:58:31 [notice] 1#1: start worker process 36
2025/12/15 21:58:31 [notice] 1#1: start worker process 37
2025/12/15 21:58:31 [notice] 1#1: start worker process 38
2025/12/15 21:58:31 [notice] 1#1: start worker process 39
2025/12/15 21:58:31 [notice] 1#1: start worker process 40
2025/12/15 22:01:22 [notice] 1#1: signal 3 (SIGQUIT) received, shutting down
2025/12/15 22:01:22 [notice] 29#29: gracefully shutting down
2025/12/15 22:01:22 [notice] 29#29: exiting
2025/12/15 22:01:22 [notice] 32#32: gracefully shutting down
2025/12/15 22:01:22 [notice] 30#30: gracefully shutting down
2025/12/15 22:01:22 [notice] 35#35: gracefully shutting down
2025/12/15 22:01:22 [notice] 32#32: exiting
2025/12/15 22:01:22 [notice] 30#30: exiting
2025/12/15 22:01:22 [notice] 35#35: exiting
2025/12/15 22:01:22 [notice] 33#33: gracefully shutting down
2025/12/15 22:01:22 [notice] 31#31: gracefully shutting down
2025/12/15 22:01:22 [notice] 33#33: exiting
2025/12/15 22:01:22 [notice] 31#31: exiting
2025/12/15 22:01:22 [notice] 36#36: gracefully shutting down
2025/12/15 22:01:22 [notice] 36#36: exiting
2025/12/15 22:01:22 [notice] 38#38: gracefully shutting down
2025/12/15 22:01:22 [notice] 38#38: exiting
2025/12/15 22:01:22 [notice] 34#34: gracefully shutting down
2025/12/15 22:01:22 [notice] 34#34: exiting
2025/12/15 22:01:22 [notice] 39#39: gracefully shutting down
2025/12/15 22:01:22 [notice] 39#39: exiting
2025/12/15 22:01:22 [notice] 37#37: gracefully shutting down
2025/12/15 22:01:22 [notice] 37#37: exiting
2025/12/15 22:01:22 [notice] 40#40: gracefully shutting down
2025/12/15 22:01:22 [notice] 40#40: exiting
2025/12/15 22:01:22 [notice] 1#1: signal 17 (SIGCHLD) received from 32
2025/12/15 22:01:22 [notice] 1#1: worker process 32 exited with code 0
2025/12/15 22:01:22 [notice] 1#1: worker process 34 exited with code 0
2025/12/15 22:01:22 [notice] 1#1: signal 29 (SIGIO) received
2025/12/15 22:01:22 [notice] 1#1: signal 17 (SIGCHLD) received from 34
2025/12/15 22:01:22 [notice] 1#1: signal 17 (SIGCHLD) received from 37
2025/12/15 22:01:22 [notice] 1#1: worker process 31 exited with code 0
2025/12/15 22:01:22 [notice] 1#1: worker process 37 exited with code 0
2025/12/15 22:01:22 [notice] 1#1: signal 29 (SIGIO) received
2025/12/15 22:01:22 [notice] 1#1: signal 17 (SIGCHLD) received from 35
2025/12/15 22:01:22 [notice] 1#1: worker process 35 exited with code 0
2025/12/15 22:01:22 [notice] 1#1: signal 29 (SIGIO) received
2025/12/15 22:01:22 [notice] 1#1: signal 17 (SIGCHLD) received from 33
2025/12/15 22:01:22 [notice] 1#1: worker process 29 exited with code 0
2025/12/15 22:01:22 [notice] 1#1: worker process 30 exited with code 0
2025/12/15 22:01:22 [notice] 1#1: worker process 33 exited with code 0
2025/12/15 22:01:22 [notice] 1#1: signal 29 (SIGIO) received
2025/12/15 22:01:22 [notice] 1#1: signal 17 (SIGCHLD) received from 38
2025/12/15 22:01:22 [notice] 1#1: worker process 38 exited with code 0
2025/12/15 22:01:22 [notice] 1#1: worker process 39 exited with code 0
2025/12/15 22:01:22 [notice] 1#1: signal 29 (SIGIO) received
2025/12/15 22:01:22 [notice] 1#1: signal 17 (SIGCHLD) received from 39
2025/12/15 22:01:22 [notice] 1#1: signal 17 (SIGCHLD) received from 36
2025/12/15 22:01:22 [notice] 1#1: worker process 36 exited with code 0
2025/12/15 22:01:22 [notice] 1#1: signal 17 (SIGCHLD) received from 40
2025/12/15 22:01:22 [notice] 1#1: worker process 40 exited with code 0
2025/12/15 22:01:22 [notice] 1#1: exit
2025/12/15 22:05:45 [notice] 1#1: using the "epoll" event method
2025/12/15 22:05:45 [notice] 1#1: nginx/1.29.4
2025/12/15 22:05:45 [notice] 1#1: built by gcc 15.2.0 (Alpine 15.2.0) 
2025/12/15 22:05:45 [notice] 1#1: OS: Linux 6.8.0-88-generic
2025/12/15 22:05:45 [notice] 1#1: getrlimit(RLIMIT_NOFILE): 1024:524288
2025/12/15 22:05:45 [notice] 1#1: start worker processes
2025/12/15 22:05:45 [notice] 1#1: start worker process 29
2025/12/15 22:05:45 [notice] 1#1: start worker process 30
2025/12/15 22:05:45 [notice] 1#1: start worker process 31
2025/12/15 22:05:45 [notice] 1#1: start worker process 32
2025/12/15 22:05:45 [notice] 1#1: start worker process 33
2025/12/15 22:05:45 [notice] 1#1: start worker process 34
2025/12/15 22:05:45 [notice] 1#1: start worker process 35
2025/12/15 22:05:45 [notice] 1#1: start worker process 36
2025/12/15 22:05:45 [notice] 1#1: start worker process 37
2025/12/15 22:05:45 [notice] 1#1: start worker process 38
2025/12/15 22:05:45 [notice] 1#1: start worker process 39
2025/12/15 22:05:45 [notice] 1#1: start worker process 40
2025/12/15 22:08:44 [notice] 1#1: signal 3 (SIGQUIT) received, shutting down
2025/12/15 22:08:44 [notice] 31#31: gracefully shutting down
2025/12/15 22:08:44 [notice] 30#30: gracefully shutting down
2025/12/15 22:08:44 [notice] 29#29: gracefully shutting down
2025/12/15 22:08:44 [notice] 32#32: gracefully shutting down
2025/12/15 22:08:44 [notice] 33#33: gracefully shutting down
2025/12/15 22:08:44 [notice] 34#34: gracefully shutting down
2025/12/15 22:08:44 [notice] 35#35: gracefully shutting down
2025/12/15 22:08:44 [notice] 36#36: gracefully shutting down
2025/12/15 22:08:44 [notice] 31#31: exiting
2025/12/15 22:08:44 [notice] 37#37: gracefully shutting down
2025/12/15 22:08:44 [notice] 30#30: exiting
2025/12/15 22:08:44 [notice] 29#29: exiting
2025/12/15 22:08:44 [notice] 32#32: exiting
2025/12/15 22:08:44 [notice] 33#33: exiting
2025/12/15 22:08:44 [notice] 34#34: exiting
2025/12/15 22:08:44 [notice] 38#38: gracefully shutting down
2025/12/15 22:08:44 [notice] 35#35: exiting
2025/12/15 22:08:44 [notice] 36#36: exiting
2025/12/15 22:08:44 [notice] 37#37: exiting
2025/12/15 22:08:44 [notice] 38#38: exiting
2025/12/15 22:08:44 [notice] 39#39: gracefully shutting down
2025/12/15 22:08:44 [notice] 40#40: gracefully shutting down
2025/12/15 22:08:44 [notice] 39#39: exiting
2025/12/15 22:08:44 [notice] 40#40: exiting
2025/12/15 22:08:44 [notice] 1#1: signal 17 (SIGCHLD) received from 38
2025/12/15 22:08:44 [notice] 1#1: worker process 38 exited with code 0
2025/12/15 22:08:44 [notice] 1#1: signal 29 (SIGIO) received
2025/12/15 22:08:44 [notice] 1#1: signal 17 (SIGCHLD) received from 29
2025/12/15 22:08:44 [notice] 1#1: worker process 29 exited with code 0
2025/12/15 22:08:44 [notice] 1#1: signal 29 (SIGIO) received
2025/12/15 22:08:44 [notice] 1#1: signal 17 (SIGCHLD) received from 36
2025/12/15 22:08:44 [notice] 1#1: worker process 30 exited with code 0
2025/12/15 22:08:44 [notice] 1#1: worker process 34 exited with code 0
2025/12/15 22:08:44 [notice] 1#1: worker process 33 exited with code 0
2025/12/15 22:08:44 [notice] 1#1: worker process 35 exited with code 0
2025/12/15 22:08:44 [notice] 1#1: worker process 31 exited with code 0
2025/12/15 22:08:44 [notice] 1#1: worker process 36 exited with code 0
2025/12/15 22:08:44 [notice] 1#1: worker process 39 exited with code 0
2025/12/15 22:08:44 [notice] 1#1: worker process 40 exited with code 0
2025/12/15 22:08:44 [notice] 1#1: signal 29 (SIGIO) received
2025/12/15 22:08:44 [notice] 1#1: signal 17 (SIGCHLD) received from 30
2025/12/15 22:08:44 [notice] 1#1: signal 17 (SIGCHLD) received from 32
2025/12/15 22:08:44 [notice] 1#1: worker process 32 exited with code 0
2025/12/15 22:08:44 [notice] 1#1: signal 29 (SIGIO) received
2025/12/15 22:08:44 [notice] 1#1: signal 17 (SIGCHLD) received from 37
2025/12/15 22:08:44 [notice] 1#1: worker process 37 exited with code 0
2025/12/15 22:08:44 [notice] 1#1: exit
2025/12/15 22:10:37 [notice] 1#1: using the "epoll" event method
2025/12/15 22:10:37 [notice] 1#1: nginx/1.29.4
2025/12/15 22:10:37 [notice] 1#1: built by gcc 15.2.0 (Alpine 15.2.0) 
2025/12/15 22:10:37 [notice] 1#1: OS: Linux 6.8.0-88-generic
2025/12/15 22:10:37 [notice] 1#1: getrlimit(RLIMIT_NOFILE): 1024:524288
2025/12/15 22:10:37 [notice] 1#1: start worker processes
2025/12/15 22:10:37 [notice] 1#1: start worker process 29
2025/12/15 22:10:37 [notice] 1#1: start worker process 30
2025/12/15 22:10:37 [notice] 1#1: start worker process 31
2025/12/15 22:10:37 [notice] 1#1: start worker process 32
2025/12/15 22:10:37 [notice] 1#1: start worker process 33
2025/12/15 22:10:37 [notice] 1#1: start worker process 34
2025/12/15 22:10:37 [notice] 1#1: start worker process 35
2025/12/15 22:10:37 [notice] 1#1: start worker process 36
2025/12/15 22:10:37 [notice] 1#1: start worker process 37
2025/12/15 22:10:37 [notice] 1#1: start worker process 38
2025/12/15 22:10:37 [notice] 1#1: start worker process 39
2025/12/15 22:10:37 [notice] 1#1: start worker process 40
2025/12/15 22:18:54 [notice] 1#1: signal 3 (SIGQUIT) received, shutting down
2025/12/15 22:18:54 [notice] 31#31: gracefully shutting down
2025/12/15 22:18:54 [notice] 29#29: gracefully shutting down
2025/12/15 22:18:54 [notice] 32#32: gracefully shutting down
2025/12/15 22:18:54 [notice] 30#30: gracefully shutting down
2025/12/15 22:18:54 [notice] 35#35: gracefully shutting down
2025/12/15 22:18:54 [notice] 33#33: gracefully shutting down
2025/12/15 22:18:54 [notice] 37#37: gracefully shutting down
2025/12/15 22:18:54 [notice] 31#31: exiting
2025/12/15 22:18:54 [notice] 34#34: gracefully shutting down
2025/12/15 22:18:54 [notice] 29#29: exiting
2025/12/15 22:18:54 [notice] 32#32: exiting
2025/12/15 22:18:54 [notice] 30#30: exiting
2025/12/15 22:18:54 [notice] 33#33: exiting
2025/12/15 22:18:54 [notice] 35#35: exiting
2025/12/15 22:18:54 [notice] 37#37: exiting
2025/12/15 22:18:54 [notice] 34#34: exiting
2025/12/15 22:18:54 [notice] 36#36: gracefully shutting down
2025/12/15 22:18:54 [notice] 36#36: exiting
2025/12/15 22:18:54 [notice] 38#38: gracefully shutting down
2025/12/15 22:18:54 [notice] 39#39: gracefully shutting down
2025/12/15 22:18:54 [notice] 38#38: exiting
2025/12/15 22:18:54 [notice] 39#39: exiting
2025/12/15 22:18:54 [notice] 40#40: gracefully shutting down
2025/12/15 22:18:54 [notice] 40#40: exiting
2025/12/15 22:18:54 [notice] 1#1: signal 17 (SIGCHLD) received from 37
2025/12/15 22:18:54 [notice] 1#1: worker process 37 exited with code 0
2025/12/15 22:18:54 [notice] 1#1: signal 29 (SIGIO) received
2025/12/15 22:18:54 [notice] 1#1: signal 17 (SIGCHLD) received from 33
2025/12/15 22:18:54 [notice] 1#1: worker process 33 exited with code 0
2025/12/15 22:18:54 [notice] 1#1: signal 17 (SIGCHLD) received from 35
2025/12/15 22:18:54 [notice] 1#1: worker process 29 exited with code 0
2025/12/15 22:18:54 [notice] 1#1: worker process 30 exited with code 0
2025/12/15 22:18:54 [notice] 1#1: worker process 31 exited with code 0
2025/12/15 22:18:54 [notice] 1#1: worker process 32 exited with code 0
2025/12/15 22:18:54 [notice] 1#1: worker process 34 exited with code 0
2025/12/15 22:18:54 [notice] 1#1: worker process 35 exited with code 0
2025/12/15 22:18:54 [notice] 1#1: signal 17 (SIGCHLD) received from 31
2025/12/15 22:18:54 [notice] 1#1: signal 29 (SIGIO) received
2025/12/15 22:18:54 [notice] 1#1: signal 29 (SIGIO) received
2025/12/15 22:18:54 [notice] 1#1: signal 17 (SIGCHLD) received from 36
2025/12/15 22:18:54 [notice] 1#1: worker process 36 exited with code 0
2025/12/15 22:18:54 [notice] 1#1: worker process 38 exited with code 0
2025/12/15 22:18:54 [notice] 1#1: signal 29 (SIGIO) received
2025/12/15 22:18:54 [notice] 1#1: signal 17 (SIGCHLD) received from 39
2025/12/15 22:18:54 [notice] 1#1: worker process 39 exited with code 0
2025/12/15 22:18:54 [notice] 1#1: signal 29 (SIGIO) received
2025/12/15 22:18:54 [notice] 1#1: signal 17 (SIGCHLD) received from 40
2025/12/15 22:18:54 [notice] 1#1: worker process 40 exited with code 0
2025/12/15 22:18:54 [notice] 1#1: exit
2025/12/15 22:19:49 [notice] 1#1: using the "epoll" event method
2025/12/15 22:19:49 [notice] 1#1: nginx/1.29.4
2025/12/15 22:19:49 [notice] 1#1: built by gcc 15.2.0 (Alpine 15.2.0) 
2025/12/15 22:19:49 [notice] 1#1: OS: Linux 6.8.0-88-generic
2025/12/15 22:19:49 [notice] 1#1: getrlimit(RLIMIT_NOFILE): 1024:524288
2025/12/15 22:19:49 [notice] 1#1: start worker processes
2025/12/15 22:19:49 [notice] 1#1: start worker process 29
2025/12/15 22:19:49 [notice] 1#1: start worker process 30
2025/12/15 22:19:49 [notice] 1#1: start worker process 31
2025/12/15 22:19:49 [notice] 1#1: start worker process 32
2025/12/15 22:19:49 [notice] 1#1: start worker process 33
2025/12/15 22:19:49 [notice] 1#1: start worker process 34
2025/12/15 22:19:49 [notice] 1#1: start worker process 35
2025/12/15 22:19:49 [notice] 1#1: start worker process 36
2025/12/15 22:19:49 [notice] 1#1: start worker process 37
2025/12/15 22:19:49 [notice] 1#1: start worker process 38
2025/12/15 22:19:49 [notice] 1#1: start worker process 39
2025/12/15 22:19:49 [notice] 1#1: start worker process 40
2025/12/16 08:45:33 [notice] 1#1: signal 3 (SIGQUIT) received, shutting down
2025/12/16 08:45:33 [notice] 30#30: gracefully shutting down
2025/12/16 08:45:33 [notice] 31#31: gracefully shutting down
2025/12/16 08:45:33 [notice] 29#29: gracefully shutting down
2025/12/16 08:45:33 [notice] 34#34: gracefully shutting down
2025/12/16 08:45:33 [notice] 32#32: gracefully shutting down
2025/12/16 08:45:33 [notice] 33#33: gracefully shutting down
2025/12/16 08:45:33 [notice] 36#36: gracefully shutting down
2025/12/16 08:45:33 [notice] 30#30: exiting
2025/12/16 08:45:33 [notice] 35#35: gracefully shutting down
2025/12/16 08:45:33 [notice] 31#31: exiting
2025/12/16 08:45:33 [notice] 29#29: exiting
2025/12/16 08:45:33 [notice] 34#34: exiting
2025/12/16 08:45:33 [notice] 32#32: exiting
2025/12/16 08:45:33 [notice] 33#33: exiting
2025/12/16 08:45:33 [notice] 36#36: exiting
2025/12/16 08:45:33 [notice] 35#35: exiting
2025/12/16 08:45:33 [notice] 40#40: gracefully shutting down
2025/12/16 08:45:33 [notice] 40#40: exiting
2025/12/16 08:45:33 [notice] 38#38: gracefully shutting down
2025/12/16 08:45:33 [notice] 39#39: gracefully shutting down
2025/12/16 08:45:33 [notice] 39#39: exiting
2025/12/16 08:45:33 [notice] 38#38: exiting
2025/12/16 08:45:33 [notice] 37#37: gracefully shutting down
2025/12/16 08:45:33 [notice] 37#37: exiting
2025/12/16 08:45:34 [notice] 1#1: signal 17 (SIGCHLD) received from 31
2025/12/16 08:45:34 [notice] 1#1: worker process 30 exited with code 0
2025/12/16 08:45:34 [notice] 1#1: worker process 31 exited with code 0
2025/12/16 08:45:34 [notice] 1#1: signal 29 (SIGIO) received
2025/12/16 08:45:34 [notice] 1#1: signal 17 (SIGCHLD) received from 33
2025/12/16 08:45:34 [notice] 1#1: worker process 33 exited with code 0
2025/12/16 08:45:34 [notice] 1#1: worker process 38 exited with code 0
2025/12/16 08:45:34 [notice] 1#1: signal 29 (SIGIO) received
2025/12/16 08:45:34 [notice] 1#1: signal 17 (SIGCHLD) received from 39
2025/12/16 08:45:34 [notice] 1#1: worker process 29 exited with code 0
2025/12/16 08:45:34 [notice] 1#1: worker process 34 exited with code 0
2025/12/16 08:45:34 [notice] 1#1: worker process 36 exited with code 0
2025/12/16 08:45:34 [notice] 1#1: worker process 37 exited with code 0
2025/12/16 08:45:34 [notice] 1#1: worker process 39 exited with code 0
2025/12/16 08:45:34 [notice] 1#1: signal 29 (SIGIO) received
2025/12/16 08:45:34 [notice] 1#1: signal 17 (SIGCHLD) received from 32
2025/12/16 08:45:34 [notice] 1#1: worker process 32 exited with code 0
2025/12/16 08:45:34 [notice] 1#1: worker process 35 exited with code 0
2025/12/16 08:45:34 [notice] 1#1: worker process 40 exited with code 0
2025/12/16 08:45:34 [notice] 1#1: exit
2025/12/17 17:54:27 [notice] 1#1: using the "epoll" event method
2025/12/17 17:54:27 [notice] 1#1: nginx/1.29.4
2025/12/17 17:54:27 [notice] 1#1: built by gcc 15.2.0 (Alpine 15.2.0) 
2025/12/17 17:54:27 [notice] 1#1: OS: Linux 6.8.0-88-generic
2025/12/17 17:54:27 [notice] 1#1: getrlimit(RLIMIT_NOFILE): 1024:524288
2025/12/17 17:54:27 [notice] 1#1: start worker processes
2025/12/17 17:54:27 [notice] 1#1: start worker process 29
2025/12/17 17:54:27 [notice] 1#1: start worker process 30
2025/12/17 17:54:27 [notice] 1#1: start worker process 31
2025/12/17 17:54:27 [notice] 1#1: start worker process 32
2025/12/17 17:54:27 [notice] 1#1: start worker process 33
2025/12/17 17:54:27 [notice] 1#1: start worker process 34
2025/12/17 17:54:27 [notice] 1#1: start worker process 35
2025/12/17 17:54:27 [notice] 1#1: start worker process 36
2025/12/17 17:54:27 [notice] 1#1: start worker process 37
2025/12/17 17:54:27 [notice] 1#1: start worker process 38
2025/12/17 17:54:27 [notice] 1#1: start worker process 39
2025/12/17 17:54:27 [notice] 1#1: start worker process 40
2025/12/18 09:35:54 [notice] 1#1: signal 3 (SIGQUIT) received, shutting down
2025/12/18 09:35:54 [notice] 29#29: gracefully shutting down
2025/12/18 09:35:54 [notice] 30#30: gracefully shutting down
2025/12/18 09:35:54 [notice] 31#31: gracefully shutting down
2025/12/18 09:35:54 [notice] 32#32: gracefully shutting down
2025/12/18 09:35:54 [notice] 34#34: gracefully shutting down
2025/12/18 09:35:54 [notice] 33#33: gracefully shutting down
2025/12/18 09:35:54 [notice] 29#29: exiting
2025/12/18 09:35:54 [notice] 35#35: gracefully shutting down
2025/12/18 09:35:54 [notice] 32#32: exiting
2025/12/18 09:35:54 [notice] 30#30: exiting
2025/12/18 09:35:54 [notice] 31#31: exiting
2025/12/18 09:35:54 [notice] 34#34: exiting
2025/12/18 09:35:54 [notice] 36#36: gracefully shutting down
2025/12/18 09:35:54 [notice] 35#35: exiting
2025/12/18 09:35:54 [notice] 37#37: gracefully shutting down
2025/12/18 09:35:54 [notice] 33#33: exiting
2025/12/18 09:35:54 [notice] 36#36: exiting
2025/12/18 09:35:54 [notice] 37#37: exiting
2025/12/18 09:35:54 [notice] 38#38: gracefully shutting down
2025/12/18 09:35:54 [notice] 39#39: gracefully shutting down
2025/12/18 09:35:54 [notice] 38#38: exiting
2025/12/18 09:35:54 [notice] 39#39: exiting
2025/12/18 09:35:54 [notice] 40#40: gracefully shutting down
2025/12/18 09:35:54 [notice] 40#40: exiting
2025/12/18 09:35:54 [notice] 1#1: signal 17 (SIGCHLD) received from 33
2025/12/18 09:35:54 [notice] 1#1: worker process 30 exited with code 0
2025/12/18 09:35:54 [notice] 1#1: worker process 33 exited with code 0
2025/12/18 09:35:54 [notice] 1#1: worker process 36 exited with code 0
2025/12/18 09:35:54 [notice] 1#1: signal 29 (SIGIO) received
2025/12/18 09:35:54 [notice] 1#1: signal 17 (SIGCHLD) received from 34
2025/12/18 09:35:54 [notice] 1#1: worker process 34 exited with code 0
2025/12/18 09:35:54 [notice] 1#1: worker process 37 exited with code 0
2025/12/18 09:35:54 [notice] 1#1: signal 29 (SIGIO) received
2025/12/18 09:35:54 [notice] 1#1: signal 17 (SIGCHLD) received from 37
2025/12/18 09:35:54 [notice] 1#1: signal 17 (SIGCHLD) received from 29
2025/12/18 09:35:54 [notice] 1#1: worker process 29 exited with code 0
2025/12/18 09:35:54 [notice] 1#1: signal 29 (SIGIO) received
2025/12/18 09:35:54 [notice] 1#1: signal 17 (SIGCHLD) received from 39
2025/12/18 09:35:54 [notice] 1#1: worker process 32 exited with code 0
2025/12/18 09:35:54 [notice] 1#1: worker process 31 exited with code 0
2025/12/18 09:35:54 [notice] 1#1: worker process 35 exited with code 0
2025/12/18 09:35:54 [notice] 1#1: worker process 38 exited with code 0
2025/12/18 09:35:54 [notice] 1#1: worker process 39 exited with code 0
2025/12/18 09:35:54 [notice] 1#1: signal 29 (SIGIO) received
2025/12/18 09:35:54 [notice] 1#1: signal 17 (SIGCHLD) received from 32
2025/12/18 09:35:54 [notice] 1#1: signal 17 (SIGCHLD) received from 40
2025/12/18 09:35:54 [notice] 1#1: worker process 40 exited with code 0
2025/12/18 09:35:54 [notice] 1#1: exit
2025/12/18 09:35:55 [notice] 1#1: using the "epoll" event method
2025/12/18 09:35:55 [notice] 1#1: nginx/1.29.4
2025/12/18 09:35:55 [notice] 1#1: built by gcc 15.2.0 (Alpine 15.2.0) 
2025/12/18 09:35:55 [notice] 1#1: OS: Linux 6.8.0-88-generic
2025/12/18 09:35:55 [notice] 1#1: getrlimit(RLIMIT_NOFILE): 1024:524288
2025/12/18 09:35:55 [notice] 1#1: start worker processes
2025/12/18 09:35:55 [notice] 1#1: start worker process 29
2025/12/18 09:35:55 [notice] 1#1: start worker process 30
2025/12/18 09:35:55 [notice] 1#1: start worker process 31
2025/12/18 09:35:55 [notice] 1#1: start worker process 32
2025/12/18 09:35:55 [notice] 1#1: start worker process 33
2025/12/18 09:35:55 [notice] 1#1: start worker process 34
2025/12/18 09:35:55 [notice] 1#1: start worker process 35
2025/12/18 09:35:55 [notice] 1#1: start worker process 36
2025/12/18 09:35:55 [notice] 1#1: start worker process 37
2025/12/18 09:35:55 [notice] 1#1: start worker process 38
2025/12/18 09:35:55 [notice] 1#1: start worker process 39
2025/12/18 09:35:55 [notice] 1#1: start worker process 40
2025/12/18 09:40:16 [notice] 1#1: signal 3 (SIGQUIT) received, shutting down
2025/12/18 09:40:16 [notice] 30#30: gracefully shutting down
2025/12/18 09:40:16 [notice] 33#33: gracefully shutting down
2025/12/18 09:40:16 [notice] 29#29: gracefully shutting down
2025/12/18 09:40:16 [notice] 35#35: gracefully shutting down
2025/12/18 09:40:16 [notice] 30#30: exiting
2025/12/18 09:40:16 [notice] 33#33: exiting
2025/12/18 09:40:16 [notice] 32#32: gracefully shutting down
2025/12/18 09:40:16 [notice] 29#29: exiting
2025/12/18 09:40:16 [notice] 35#35: exiting
2025/12/18 09:40:16 [notice] 36#36: gracefully shutting down
2025/12/18 09:40:16 [notice] 34#34: gracefully shutting down
2025/12/18 09:40:16 [notice] 32#32: exiting
2025/12/18 09:40:16 [notice] 36#36: exiting
2025/12/18 09:40:16 [notice] 34#34: exiting
2025/12/18 09:40:16 [notice] 38#38: gracefully shutting down
2025/12/18 09:40:16 [notice] 38#38: exiting
2025/12/18 09:40:16 [notice] 31#31: gracefully shutting down
2025/12/18 09:40:16 [notice] 31#31: exiting
2025/12/18 09:40:16 [notice] 40#40: gracefully shutting down
2025/12/18 09:40:16 [notice] 40#40: exiting
2025/12/18 09:40:16 [notice] 39#39: gracefully shutting down
2025/12/18 09:40:16 [notice] 39#39: exiting
2025/12/18 09:40:16 [notice] 37#37: gracefully shutting down
2025/12/18 09:40:16 [notice] 37#37: exiting
2025/12/18 09:40:16 [notice] 1#1: signal 17 (SIGCHLD) received from 38
2025/12/18 09:40:16 [notice] 1#1: worker process 31 exited with code 0
2025/12/18 09:40:16 [notice] 1#1: worker process 33 exited with code 0
2025/12/18 09:40:16 [notice] 1#1: worker process 34 exited with code 0
2025/12/18 09:40:16 [notice] 1#1: worker process 35 exited with code 0
2025/12/18 09:40:16 [notice] 1#1: worker process 37 exited with code 0
2025/12/18 09:40:16 [notice] 1#1: worker process 38 exited with code 0
2025/12/18 09:40:16 [notice] 1#1: worker process 32 exited with code 0
2025/12/18 09:40:16 [notice] 1#1: signal 29 (SIGIO) received
2025/12/18 09:40:16 [notice] 1#1: signal 17 (SIGCHLD) received from 32
2025/12/18 09:40:16 [notice] 1#1: signal 17 (SIGCHLD) received from 39
2025/12/18 09:40:16 [notice] 1#1: worker process 39 exited with code 0
2025/12/18 09:40:16 [notice] 1#1: signal 29 (SIGIO) received
2025/12/18 09:40:16 [notice] 1#1: signal 17 (SIGCHLD) received from 30
2025/12/18 09:40:16 [notice] 1#1: worker process 29 exited with code 0
2025/12/18 09:40:16 [notice] 1#1: worker process 30 exited with code 0
2025/12/18 09:40:16 [notice] 1#1: worker process 36 exited with code 0
2025/12/18 09:40:16 [notice] 1#1: signal 29 (SIGIO) received
2025/12/18 09:40:16 [notice] 1#1: signal 17 (SIGCHLD) received from 36
2025/12/18 09:40:16 [notice] 1#1: signal 17 (SIGCHLD) received from 40
2025/12/18 09:40:16 [notice] 1#1: worker process 40 exited with code 0
2025/12/18 09:40:16 [notice] 1#1: exit
2025/12/18 09:40:43 [notice] 1#1: using the "epoll" event method
2025/12/18 09:40:43 [notice] 1#1: nginx/1.29.4
2025/12/18 09:40:43 [notice] 1#1: built by gcc 15.2.0 (Alpine 15.2.0) 
2025/12/18 09:40:43 [notice] 1#1: OS: Linux 6.8.0-88-generic
2025/12/18 09:40:43 [notice] 1#1: getrlimit(RLIMIT_NOFILE): 1024:524288
2025/12/18 09:40:43 [notice] 1#1: start worker processes
2025/12/18 09:40:43 [notice] 1#1: start worker process 29
2025/12/18 09:40:43 [notice] 1#1: start worker process 30
2025/12/18 09:40:43 [notice] 1#1: start worker process 31
2025/12/18 09:40:43 [notice] 1#1: start worker process 32
2025/12/18 09:40:43 [notice] 1#1: start worker process 33
2025/12/18 09:40:43 [notice] 1#1: start worker process 34
2025/12/18 09:40:43 [notice] 1#1: start worker process 35
2025/12/18 09:40:43 [notice] 1#1: start worker process 36
2025/12/18 09:40:43 [notice] 1#1: start worker process 37
2025/12/18 09:40:43 [notice] 1#1: start worker process 38
2025/12/18 09:40:43 [notice] 1#1: start worker process 39
2025/12/18 09:40:43 [notice] 1#1: start worker process 40
2025/12/18 09:47:55 [notice] 1#1: signal 3 (SIGQUIT) received, shutting down
2025/12/18 09:47:55 [notice] 29#29: gracefully shutting down
2025/12/18 09:47:55 [notice] 30#30: gracefully shutting down
2025/12/18 09:47:55 [notice] 31#31: gracefully shutting down
2025/12/18 09:47:55 [notice] 33#33: gracefully shutting down
2025/12/18 09:47:55 [notice] 29#29: exiting
2025/12/18 09:47:55 [notice] 30#30: exiting
2025/12/18 09:47:55 [notice] 31#31: exiting
2025/12/18 09:47:55 [notice] 32#32: gracefully shutting down
2025/12/18 09:47:55 [notice] 38#38: gracefully shutting down
2025/12/18 09:47:55 [notice] 33#33: exiting
2025/12/18 09:47:55 [notice] 37#37: gracefully shutting down
2025/12/18 09:47:55 [notice] 32#32: exiting
2025/12/18 09:47:55 [notice] 38#38: exiting
2025/12/18 09:47:55 [notice] 40#40: gracefully shutting down
2025/12/18 09:47:55 [notice] 37#37: exiting
2025/12/18 09:47:55 [notice] 40#40: exiting
2025/12/18 09:47:55 [notice] 35#35: gracefully shutting down
2025/12/18 09:47:55 [notice] 35#35: exiting
2025/12/18 09:47:55 [notice] 36#36: gracefully shutting down
2025/12/18 09:47:55 [notice] 36#36: exiting
2025/12/18 09:47:55 [notice] 34#34: gracefully shutting down
2025/12/18 09:47:55 [notice] 34#34: exiting
2025/12/18 09:47:55 [notice] 39#39: gracefully shutting down
2025/12/18 09:47:55 [notice] 39#39: exiting
2025/12/18 09:47:55 [notice] 1#1: signal 17 (SIGCHLD) received from 33
2025/12/18 09:47:55 [notice] 1#1: worker process 33 exited with code 0
2025/12/18 09:47:55 [notice] 1#1: worker process 37 exited with code 0
2025/12/18 09:47:55 [notice] 1#1: signal 29 (SIGIO) received
2025/12/18 09:47:55 [notice] 1#1: signal 17 (SIGCHLD) received from 40
2025/12/18 09:47:55 [notice] 1#1: worker process 40 exited with code 0
2025/12/18 09:47:55 [notice] 1#1: signal 29 (SIGIO) received
2025/12/18 09:47:55 [notice] 1#1: signal 17 (SIGCHLD) received from 38
2025/12/18 09:47:55 [notice] 1#1: worker process 35 exited with code 0
2025/12/18 09:47:55 [notice] 1#1: worker process 38 exited with code 0
2025/12/18 09:47:55 [notice] 1#1: worker process 36 exited with code 0
2025/12/18 09:47:55 [notice] 1#1: signal 29 (SIGIO) received
2025/12/18 09:47:55 [notice] 1#1: signal 17 (SIGCHLD) received from 35
2025/12/18 09:47:55 [notice] 1#1: signal 17 (SIGCHLD) received from 30
2025/12/18 09:47:55 [notice] 1#1: worker process 30 exited with code 0
2025/12/18 09:47:55 [notice] 1#1: signal 29 (SIGIO) received
2025/12/18 09:47:55 [notice] 1#1: signal 17 (SIGCHLD) received from 31
2025/12/18 09:47:55 [notice] 1#1: worker process 29 exited with code 0
2025/12/18 09:47:55 [notice] 1#1: worker process 31 exited with code 0
2025/12/18 09:47:55 [notice] 1#1: signal 29 (SIGIO) received
2025/12/18 09:47:55 [notice] 1#1: signal 17 (SIGCHLD) received from 32
2025/12/18 09:47:55 [notice] 1#1: worker process 32 exited with code 0
2025/12/18 09:47:55 [notice] 1#1: signal 29 (SIGIO) received
2025/12/18 09:47:55 [notice] 1#1: signal 17 (SIGCHLD) received from 34
2025/12/18 09:47:55 [notice] 1#1: worker process 34 exited with code 0
2025/12/18 09:47:55 [notice] 1#1: signal 17 (SIGCHLD) received from 39
2025/12/18 09:47:55 [notice] 1#1: worker process 39 exited with code 0
2025/12/18 09:47:55 [notice] 1#1: exit
2025/12/18 09:48:32 [notice] 1#1: using the "epoll" event method
2025/12/18 09:48:32 [notice] 1#1: nginx/1.29.4
2025/12/18 09:48:32 [notice] 1#1: built by gcc 15.2.0 (Alpine 15.2.0) 
2025/12/18 09:48:32 [notice] 1#1: OS: Linux 6.8.0-88-generic
2025/12/18 09:48:32 [notice] 1#1: getrlimit(RLIMIT_NOFILE): 1024:524288
2025/12/18 09:48:32 [notice] 1#1: start worker processes
2025/12/18 09:48:32 [notice] 1#1: start worker process 29
2025/12/18 09:48:32 [notice] 1#1: start worker process 30
2025/12/18 09:48:32 [notice] 1#1: start worker process 31
2025/12/18 09:48:32 [notice] 1#1: start worker process 32
2025/12/18 09:48:32 [notice] 1#1: start worker process 33
2025/12/18 09:48:32 [notice] 1#1: start worker process 34
2025/12/18 09:48:32 [notice] 1#1: start worker process 35
2025/12/18 09:48:32 [notice] 1#1: start worker process 36
2025/12/18 09:48:32 [notice] 1#1: start worker process 37
2025/12/18 09:48:32 [notice] 1#1: start worker process 38
2025/12/18 09:48:32 [notice] 1#1: start worker process 39
2025/12/18 09:48:32 [notice] 1#1: start worker process 40
